<?xml version="1.0" encoding="UTF-8"?>
<testng-results ignored="0" total="2" passed="2" failed="0" skipped="0">
  <reporter-output>
  </reporter-output>
  <suite started-at="2024-05-19T10:51:43 EDT" name="Suite" finished-at="2024-05-19T10:51:55 EDT" duration-ms="12166">
    <groups>
    </groups>
    <test started-at="2024-05-19T10:51:43 EDT" name="Test" finished-at="2024-05-19T10:51:55 EDT" duration-ms="12166">
      <class name="testng2.GoogleHome">
        <test-method signature="execute_test()[pri:0, instance:testng2.GoogleHome@7ed7259e]" started-at="2024-05-19T10:51:43 EDT" name="execute_test" finished-at="2024-05-19T10:51:48 EDT" duration-ms="5092" status="PASS">
          <reporter-output>
          </reporter-output>
        </test-method> <!-- execute_test -->
        <test-method signature="execute_test2()[pri:0, instance:testng2.GoogleHome@7ed7259e]" started-at="2024-05-19T10:51:48 EDT" name="execute_test2" finished-at="2024-05-19T10:51:55 EDT" duration-ms="6984" status="PASS">
          <reporter-output>
          </reporter-output>
        </test-method> <!-- execute_test2 -->
      </class> <!-- testng2.GoogleHome -->
    </test> <!-- Test -->
  </suite> <!-- Suite -->
</testng-results>
