<?xml version="1.0" encoding="UTF-8"?>
<testng-results ignored="0" total="2" passed="2" failed="0" skipped="0">
  <reporter-output>
  </reporter-output>
  <suite started-at="2024-05-18T19:56:08 EDT" name="Suite" finished-at="2024-05-18T19:56:13 EDT" duration-ms="5315">
    <groups>
    </groups>
    <test started-at="2024-05-18T19:56:08 EDT" name="Test" finished-at="2024-05-18T19:56:13 EDT" duration-ms="5315">
      <class name="testng2.GoogleHome">
        <test-method signature="execute_test()[pri:0, instance:testng2.GoogleHome@35e2d654]" started-at="2024-05-18T19:56:08 EDT" name="execute_test" finished-at="2024-05-18T19:56:11 EDT" duration-ms="3079" status="PASS">
          <reporter-output>
          </reporter-output>
        </test-method> <!-- execute_test -->
        <test-method signature="execute_test2()[pri:0, instance:testng2.GoogleHome@35e2d654]" started-at="2024-05-18T19:56:11 EDT" name="execute_test2" finished-at="2024-05-18T19:56:13 EDT" duration-ms="2182" status="PASS">
          <reporter-output>
          </reporter-output>
        </test-method> <!-- execute_test2 -->
      </class> <!-- testng2.GoogleHome -->
    </test> <!-- Test -->
  </suite> <!-- Suite -->
</testng-results>
