<?xml version="1.0" encoding="UTF-8"?>
<testng-results ignored="0" total="1" passed="1" failed="0" skipped="0">
  <reporter-output>
  </reporter-output>
  <suite started-at="2024-05-21T07:49:17 EDT" name="Default suite" finished-at="2024-05-21T07:49:20 EDT" duration-ms="3202">
    <groups>
    </groups>
    <test started-at="2024-05-21T07:49:17 EDT" name="Default test" finished-at="2024-05-21T07:49:20 EDT" duration-ms="3202">
      <class name="testng2.GoogleHome">
        <test-method signature="execute_test()[pri:0, instance:testng2.GoogleHome@692f203f]" started-at="2024-05-21T07:49:17 EDT" name="execute_test" finished-at="2024-05-21T07:49:20 EDT" duration-ms="3156" status="PASS">
          <reporter-output>
          </reporter-output>
        </test-method> <!-- execute_test -->
      </class> <!-- testng2.GoogleHome -->
    </test> <!-- Default test -->
  </suite> <!-- Default suite -->
</testng-results>
